\BOOKMARK [1][-]{section.1}{Introduction}{}% 1
\BOOKMARK [1][-]{section.2}{Literature Review}{}% 2
\BOOKMARK [2][-]{subsection.2.1}{Graphs}{section.2}% 3
\BOOKMARK [2][-]{subsection.2.2}{Hypergraphs}{section.2}% 4
\BOOKMARK [2][-]{subsection.2.3}{Random Graph Generation}{section.2}% 5
\BOOKMARK [3][-]{subsubsection.2.3.1}{Standford GraphBase}{subsection.2.3}% 6
\BOOKMARK [3][-]{subsubsection.2.3.2}{Mathematica}{subsection.2.3}% 7
\BOOKMARK [2][-]{subsection.2.4}{Hypergraph Languages}{section.2}% 8
\BOOKMARK [3][-]{subsubsection.2.4.1}{Hyperedge Replacement}{subsection.2.4}% 9
\BOOKMARK [3][-]{subsubsection.2.4.2}{Hyperedge Replacement Grammars}{subsection.2.4}% 10
\BOOKMARK [2][-]{subsection.2.5}{Ranjan's Approach}{section.2}% 11
\BOOKMARK [3][-]{subsubsection.2.5.1}{Improvement on Ranjan's Approach}{subsection.2.5}% 12
\BOOKMARK [2][-]{subsection.2.6}{Hickey-Cohen Generation of Uniform Random Strings}{section.2}% 13
\BOOKMARK [3][-]{subsubsection.2.6.1}{Example}{subsection.2.6}% 14
\BOOKMARK [1][-]{section.3}{Theory}{}% 15
\BOOKMARK [2][-]{subsection.3.1}{Hickey-Cohen Generation of Hypergraphs}{section.3}% 16
\BOOKMARK [3][-]{subsubsection.3.1.1}{Example}{subsection.3.1}% 17
\BOOKMARK [1][-]{section.4}{Design}{}% 18
\BOOKMARK [2][-]{subsection.4.1}{Language}{section.4}% 19
\BOOKMARK [3][-]{subsubsection.4.1.1}{The Java Virtual Machine}{subsection.4.1}% 20
\BOOKMARK [2][-]{subsection.4.2}{External Libraries}{section.4}% 21
\BOOKMARK [3][-]{subsubsection.4.2.1}{Java Universal Network/Graph Framework}{subsection.4.2}% 22
\BOOKMARK [2][-]{subsection.4.3}{File Representation}{section.4}% 23
